<?xml version="1.0" encoding="UTF-8"?>
<!-- Generated by org.testng.reporters.JUnitReportReporter -->
<testsuite skipped="0" hostname="aredchyts-nout" name="ImtechCartTests" tests="3" failures="0" timestamp="02 Jun 2019 12:19:51 GMT" time="43.706" errors="0">
  <testcase name="ValidateAddingProductToCartByTitleAndPrice" time="9.852" classname="ImtechCartTests"/>
  <testcase name="AllowsToAddProductToCart" time="16.689" classname="ImtechCartTests"/>
  <testcase name="AddedToCartProductShouldBeExistInCartPage" time="17.165" classname="ImtechCartTests"/>
</testsuite> <!-- ImtechCartTests -->
